app/build/outputs/logs/manifest-merger-debug-report.txt
-- Merging decision tree log ---
manifest
ADDED from src\main\AndroidManifest.xml:2:1-29:12
	package
		ADDED from src\main\AndroidManifest.xml:3:5-48
		INJECTED from src\main\AndroidManifest.xml
		INJECTED from src\main\AndroidManifest.xml
	android:versionName
		INJECTED from src\main\AndroidManifest.xml
		INJECTED from src\main\AndroidManifest.xml
	xmlns:android
		ADDED from src\main\AndroidManifest.xml:2:11-69
	android:versionCode
		INJECTED from src\main\AndroidManifest.xml
		INJECTED from src\main\AndroidManifest.xml
uses-permission#android.permission.INTERNET
ADDED from src\main\AndroidManifest.xml:4:5-66
	android:name
		ADDED from src\main\AndroidManifest.xml:4:22-64
application
ADDED from src\main\AndroidManifest.xml:6:5-27:19
MERGED from [com.android.support:appcompat-v7:23.1.1] AndroidManifest.xml:22:5-20
MERGED from [com.android.support:support-v4:23.1.1] AndroidManifest.xml:22:5-20
	android:label
		ADDED from src\main\AndroidManifest.xml:9:9-41
	android:supportsRtl
		ADDED from src\main\AndroidManifest.xml:10:9-35
	android:allowBackup
		ADDED from src\main\AndroidManifest.xml:7:9-35
	android:icon
		ADDED from src\main\AndroidManifest.xml:8:9-43
	android:theme
		ADDED from src\main\AndroidManifest.xml:11:9-40
activity#com.example.android.popularmovies.MainActivity
ADDED from src\main\AndroidManifest.xml:12:9-18:20
	android:name
		ADDED from src\main\AndroidManifest.xml:12:19-47
intent-filter#android.intent.action.MAIN+android.intent.category.LAUNCHER
ADDED from src\main\AndroidManifest.xml:13:13-17:29
action#android.intent.action.MAIN
ADDED from src\main\AndroidManifest.xml:14:17-69
	android:name
		ADDED from src\main\AndroidManifest.xml:14:25-66
category#android.intent.category.LAUNCHER
ADDED from src\main\AndroidManifest.xml:16:17-77
	android:name
		ADDED from src\main\AndroidManifest.xml:16:27-74
activity#com.example.android.popularmovies.GridDetail
ADDED from src\main\AndroidManifest.xml:19:9-22:15
	android:label
		ADDED from src\main\AndroidManifest.xml:21:13-41
	android:parentActivityName
		ADDED from src\main\AndroidManifest.xml:20:13-55
	android:name
		ADDED from src\main\AndroidManifest.xml:19:19-45
provider#com.example.android.popularmovies.FavoritesProvider
ADDED from src\main\AndroidManifest.xml:24:9-26:82
	android:authorities
		ADDED from src\main\AndroidManifest.xml:25:13-68
	android:name
		ADDED from src\main\AndroidManifest.xml:26:13-79
uses-sdk
INJECTED from src\main\AndroidManifest.xml reason: use-sdk injection requested
MERGED from [com.android.support:appcompat-v7:23.1.1] AndroidManifest.xml:20:5-43
MERGED from [com.android.support:support-v4:23.1.1] AndroidManifest.xml:20:5-43
	android:targetSdkVersion
		INJECTED from src\main\AndroidManifest.xml
		INJECTED from src\main\AndroidManifest.xml
	android:minSdkVersion
		INJECTED from src\main\AndroidManifest.xml
		INJECTED from src\main\AndroidManifest.xml